<?xml version="1.0" encoding="UTF-8"?>
<testsuite name="TestSuite" time="1.504" tests="30" errors="0" skipped="0" failures="0">
  <properties>
    <property name="java.runtime.name" value="Java(TM) SE Runtime Environment"/>
    <property name="sun.boot.library.path" value="/usr/lib/jvm/java-8-oracle/jre/lib/amd64"/>
    <property name="java.vm.version" value="25.144-b01"/>
    <property name="java.vm.vendor" value="Oracle Corporation"/>
    <property name="java.vendor.url" value="http://java.oracle.com/"/>
    <property name="path.separator" value=":"/>
    <property name="guice.disable.misplaced.annotation.check" value="true"/>
    <property name="java.vm.name" value="Java HotSpot(TM) 64-Bit Server VM"/>
    <property name="file.encoding.pkg" value="sun.io"/>
    <property name="user.country" value="US"/>
    <property name="sun.java.launcher" value="SUN_STANDARD"/>
    <property name="sun.os.patch.level" value="unknown"/>
    <property name="java.vm.specification.name" value="Java Virtual Machine Specification"/>
    <property name="user.dir" value="/home/niklas/Inlamning/calculator_niklass"/>
    <property name="java.runtime.version" value="1.8.0_144-b01"/>
    <property name="java.awt.graphicsenv" value="sun.awt.X11GraphicsEnvironment"/>
    <property name="java.endorsed.dirs" value="/usr/lib/jvm/java-8-oracle/jre/lib/endorsed"/>
    <property name="os.arch" value="amd64"/>
    <property name="java.io.tmpdir" value="/tmp"/>
    <property name="line.separator" value="&#10;"/>
    <property name="java.vm.specification.vendor" value="Oracle Corporation"/>
    <property name="os.name" value="Linux"/>
    <property name="classworlds.conf" value="/usr/share/maven/bin/m2.conf"/>
    <property name="sun.jnu.encoding" value="UTF-8"/>
    <property name="java.library.path" value="/usr/java/packages/lib/amd64:/usr/lib64:/lib64:/lib:/usr/lib"/>
    <property name="java.specification.name" value="Java Platform API Specification"/>
    <property name="java.class.version" value="52.0"/>
    <property name="sun.management.compiler" value="HotSpot 64-Bit Tiered Compilers"/>
    <property name="os.version" value="4.4.0-31-generic"/>
    <property name="user.home" value="/home/niklas"/>
    <property name="user.timezone" value="Europe/Stockholm"/>
    <property name="java.awt.printerjob" value="sun.print.PSPrinterJob"/>
    <property name="file.encoding" value="UTF-8"/>
    <property name="java.specification.version" value="1.8"/>
    <property name="user.name" value="niklas"/>
    <property name="java.class.path" value="/usr/share/maven/boot/plexus-classworlds-2.x.jar"/>
    <property name="java.vm.specification.version" value="1.8"/>
    <property name="sun.arch.data.model" value="64"/>
    <property name="java.home" value="/usr/lib/jvm/java-8-oracle/jre"/>
    <property name="sun.java.command" value="org.codehaus.plexus.classworlds.launcher.Launcher clean install -U"/>
    <property name="java.specification.vendor" value="Oracle Corporation"/>
    <property name="user.language" value="en"/>
    <property name="awt.toolkit" value="sun.awt.X11.XToolkit"/>
    <property name="java.vm.info" value="mixed mode"/>
    <property name="java.version" value="1.8.0_144"/>
    <property name="java.ext.dirs" value="/usr/lib/jvm/java-8-oracle/jre/lib/ext:/usr/java/packages/lib/ext"/>
    <property name="securerandom.source" value="file:/dev/./urandom"/>
    <property name="sun.boot.class.path" value="/usr/lib/jvm/java-8-oracle/jre/lib/resources.jar:/usr/lib/jvm/java-8-oracle/jre/lib/rt.jar:/usr/lib/jvm/java-8-oracle/jre/lib/sunrsasign.jar:/usr/lib/jvm/java-8-oracle/jre/lib/jsse.jar:/usr/lib/jvm/java-8-oracle/jre/lib/jce.jar:/usr/lib/jvm/java-8-oracle/jre/lib/charsets.jar:/usr/lib/jvm/java-8-oracle/jre/lib/jfr.jar:/usr/lib/jvm/java-8-oracle/jre/classes"/>
    <property name="java.vendor" value="Oracle Corporation"/>
    <property name="maven.home" value="/usr/share/maven"/>
    <property name="file.separator" value="/"/>
    <property name="java.vendor.url.bug" value="http://bugreport.sun.com/bugreport/"/>
    <property name="sun.cpu.endian" value="little"/>
    <property name="sun.io.unicode.encoding" value="UnicodeLittle"/>
    <property name="sun.desktop" value="gnome"/>
    <property name="sun.cpu.isalist" value=""/>
  </properties>
  <testcase name="testPiPositiveNumbers on testPiPositiveNumbers(com.example.maven.calculator_niklass.CalculatorAdvancedOperationsTest)" classname="com.example.maven.calculator_niklass.CalculatorAdvancedOperationsTest" time="0.189"/>
  <testcase name="testSquarePositiveNumbers on testSquarePositiveNumbers(com.example.maven.calculator_niklass.CalculatorAdvancedOperationsTest)" classname="com.example.maven.calculator_niklass.CalculatorAdvancedOperationsTest" time="0.129"/>
  <testcase name="testPiNegativeNumbers on testPiNegativeNumbers(com.example.maven.calculator_niklass.CalculatorAdvancedOperationsTest)" classname="com.example.maven.calculator_niklass.CalculatorAdvancedOperationsTest" time="0.075"/>
  <testcase name="testSquareNegativeNumbers on testSquareNegativeNumbers(com.example.maven.calculator_niklass.CalculatorAdvancedOperationsTest)" classname="com.example.maven.calculator_niklass.CalculatorAdvancedOperationsTest" time="0.07"/>
  <testcase name="testPiZeros on testPiZeros(com.example.maven.calculator_niklass.CalculatorAdvancedOperationsTest)" classname="com.example.maven.calculator_niklass.CalculatorAdvancedOperationsTest" time="0"/>
  <testcase name="testPercentageZeros on testPercentageZeros(com.example.maven.calculator_niklass.CalculatorAdvancedOperationsTest)" classname="com.example.maven.calculator_niklass.CalculatorAdvancedOperationsTest" time="0.157"/>
  <testcase name="testCubeZeros on testCubeZeros(com.example.maven.calculator_niklass.CalculatorAdvancedOperationsTest)" classname="com.example.maven.calculator_niklass.CalculatorAdvancedOperationsTest" time="0.006"/>
  <testcase name="testSquareZeros on testSquareZeros(com.example.maven.calculator_niklass.CalculatorAdvancedOperationsTest)" classname="com.example.maven.calculator_niklass.CalculatorAdvancedOperationsTest" time="0"/>
  <testcase name="testPercentagePositiveNumbers on testPercentagePositiveNumbers(com.example.maven.calculator_niklass.CalculatorAdvancedOperationsTest)" classname="com.example.maven.calculator_niklass.CalculatorAdvancedOperationsTest" time="0.053"/>
  <testcase name="testSqrtZeros on testSqrtZeros(com.example.maven.calculator_niklass.CalculatorAdvancedOperationsTest)" classname="com.example.maven.calculator_niklass.CalculatorAdvancedOperationsTest" time="0.001"/>
  <testcase name="testPercentageNegativeNumbers on testPercentageNegativeNumbers(com.example.maven.calculator_niklass.CalculatorAdvancedOperationsTest)" classname="com.example.maven.calculator_niklass.CalculatorAdvancedOperationsTest" time="0.148"/>
  <testcase name="testRaisedToThePowerOfZeros on testRaisedToThePowerOfZeros(com.example.maven.calculator_niklass.CalculatorAdvancedOperationsTest)" classname="com.example.maven.calculator_niklass.CalculatorAdvancedOperationsTest" time="0.001"/>
  <testcase name="testCubePositiveNumbers on testCubePositiveNumbers(com.example.maven.calculator_niklass.CalculatorAdvancedOperationsTest)" classname="com.example.maven.calculator_niklass.CalculatorAdvancedOperationsTest" time="0.031"/>
  <testcase name="testSqrtPositiveNumbers on testSqrtPositiveNumbers(com.example.maven.calculator_niklass.CalculatorAdvancedOperationsTest)" classname="com.example.maven.calculator_niklass.CalculatorAdvancedOperationsTest" time="0.039"/>
  <testcase name="testCubeNegativeNumbers on testCubeNegativeNumbers(com.example.maven.calculator_niklass.CalculatorAdvancedOperationsTest)" classname="com.example.maven.calculator_niklass.CalculatorAdvancedOperationsTest" time="0.041"/>
  <testcase name="testSqrtNegativeNumbers on testSqrtNegativeNumbers(com.example.maven.calculator_niklass.CalculatorAdvancedOperationsTest)" classname="com.example.maven.calculator_niklass.CalculatorAdvancedOperationsTest" time="0.023"/>
  <testcase name="testRaisedToThePowerOfPositiveNumbers on testRaisedToThePowerOfPositiveNumbers(com.example.maven.calculator_niklass.CalculatorAdvancedOperationsTest)" classname="com.example.maven.calculator_niklass.CalculatorAdvancedOperationsTest" time="0.033"/>
  <testcase name="testRaisedToThePowerOfNegativeNumbers on testRaisedToThePowerOfNegativeNumbers(com.example.maven.calculator_niklass.CalculatorAdvancedOperationsTest)" classname="com.example.maven.calculator_niklass.CalculatorAdvancedOperationsTest" time="0.09"/>
  <testcase name="testmultiplicationPositiveNumbers on testmultiplicationPositiveNumbers(com.example.maven.calculator_niklass.CalculatorBasicOperationsTest)" classname="com.example.maven.calculator_niklass.CalculatorBasicOperationsTest" time="0.027"/>
  <testcase name="testsubtractionZeros on testsubtractionZeros(com.example.maven.calculator_niklass.CalculatorBasicOperationsTest)" classname="com.example.maven.calculator_niklass.CalculatorBasicOperationsTest" time="0.028"/>
  <testcase name="testmultiplicationNegativeNumbers on testmultiplicationNegativeNumbers(com.example.maven.calculator_niklass.CalculatorBasicOperationsTest)" classname="com.example.maven.calculator_niklass.CalculatorBasicOperationsTest" time="0.039"/>
  <testcase name="testadditionPositiveNumbers on testadditionPositiveNumbers(com.example.maven.calculator_niklass.CalculatorBasicOperationsTest)" classname="com.example.maven.calculator_niklass.CalculatorBasicOperationsTest" time="0.029"/>
  <testcase name="testadditionNegativeNumbers on testadditionNegativeNumbers(com.example.maven.calculator_niklass.CalculatorBasicOperationsTest)" classname="com.example.maven.calculator_niklass.CalculatorBasicOperationsTest" time="0.016"/>
  <testcase name="testmultiplicationZeros on testmultiplicationZeros(com.example.maven.calculator_niklass.CalculatorBasicOperationsTest)" classname="com.example.maven.calculator_niklass.CalculatorBasicOperationsTest" time="0.048"/>
  <testcase name="testsubtractionPositiveNumbers on testsubtractionPositiveNumbers(com.example.maven.calculator_niklass.CalculatorBasicOperationsTest)" classname="com.example.maven.calculator_niklass.CalculatorBasicOperationsTest" time="0.014"/>
  <testcase name="testdivisionZeros on testdivisionZeros(com.example.maven.calculator_niklass.CalculatorBasicOperationsTest)" classname="com.example.maven.calculator_niklass.CalculatorBasicOperationsTest" time="0.072"/>
  <testcase name="testsubtractionNegativeNumbers on testsubtractionNegativeNumbers(com.example.maven.calculator_niklass.CalculatorBasicOperationsTest)" classname="com.example.maven.calculator_niklass.CalculatorBasicOperationsTest" time="0.027"/>
  <testcase name="testdivisionPositiveNumbers on testdivisionPositiveNumbers(com.example.maven.calculator_niklass.CalculatorBasicOperationsTest)" classname="com.example.maven.calculator_niklass.CalculatorBasicOperationsTest" time="0.04"/>
  <testcase name="testdivisionNegativeNumbers on testdivisionNegativeNumbers(com.example.maven.calculator_niklass.CalculatorBasicOperationsTest)" classname="com.example.maven.calculator_niklass.CalculatorBasicOperationsTest" time="0.027"/>
  <testcase name="testadditionZeros on testadditionZeros(com.example.maven.calculator_niklass.CalculatorBasicOperationsTest)" classname="com.example.maven.calculator_niklass.CalculatorBasicOperationsTest" time="0.051"/>
</testsuite>