<?xml version="1.0" encoding="UTF-8"?>
<!-- Generated by org.testng.reporters.JUnitReportReporter -->
<testsuite hostname="niklas-VirtualBox" name="com.example.maven.calculator_niklass.CalculatorAdvancedOperationsTest" tests="18" failures="0" timestamp="11 Dec 2017 09:08:36 GMT" time="1.090" errors="0">
  <testcase name="testPercentageNegativeNumbers" time="0.148" classname="com.example.maven.calculator_niklass.CalculatorAdvancedOperationsTest"/>
  <testcase name="testCubePositiveNumbers" time="0.031" classname="com.example.maven.calculator_niklass.CalculatorAdvancedOperationsTest"/>
  <testcase name="testPiZeros" time="0.000" classname="com.example.maven.calculator_niklass.CalculatorAdvancedOperationsTest"/>
  <testcase name="testSquareZeros" time="0.000" classname="com.example.maven.calculator_niklass.CalculatorAdvancedOperationsTest"/>
  <testcase name="testPercentagePositiveNumbers" time="0.053" classname="com.example.maven.calculator_niklass.CalculatorAdvancedOperationsTest"/>
  <testcase name="testPiPositiveNumbers" time="0.192" classname="com.example.maven.calculator_niklass.CalculatorAdvancedOperationsTest"/>
  <testcase name="testSquarePositiveNumbers" time="0.129" classname="com.example.maven.calculator_niklass.CalculatorAdvancedOperationsTest"/>
  <testcase name="testPiNegativeNumbers" time="0.075" classname="com.example.maven.calculator_niklass.CalculatorAdvancedOperationsTest"/>
  <testcase name="testSqrtPositiveNumbers" time="0.039" classname="com.example.maven.calculator_niklass.CalculatorAdvancedOperationsTest"/>
  <testcase name="testRaisedToThePowerOfZeros" time="0.001" classname="com.example.maven.calculator_niklass.CalculatorAdvancedOperationsTest"/>
  <testcase name="testSqrtZeros" time="0.001" classname="com.example.maven.calculator_niklass.CalculatorAdvancedOperationsTest"/>
  <testcase name="testSqrtNegativeNumbers" time="0.023" classname="com.example.maven.calculator_niklass.CalculatorAdvancedOperationsTest"/>
  <testcase name="testRaisedToThePowerOfPositiveNumbers" time="0.033" classname="com.example.maven.calculator_niklass.CalculatorAdvancedOperationsTest"/>
  <testcase name="testPercentageZeros" time="0.157" classname="com.example.maven.calculator_niklass.CalculatorAdvancedOperationsTest"/>
  <testcase name="testCubeZeros" time="0.007" classname="com.example.maven.calculator_niklass.CalculatorAdvancedOperationsTest"/>
  <testcase name="testSquareNegativeNumbers" time="0.070" classname="com.example.maven.calculator_niklass.CalculatorAdvancedOperationsTest"/>
  <testcase name="testCubeNegativeNumbers" time="0.041" classname="com.example.maven.calculator_niklass.CalculatorAdvancedOperationsTest"/>
  <testcase name="testRaisedToThePowerOfNegativeNumbers" time="0.090" classname="com.example.maven.calculator_niklass.CalculatorAdvancedOperationsTest"/>
</testsuite> <!-- com.example.maven.calculator_niklass.CalculatorAdvancedOperationsTest -->
