<?xml version="1.0" encoding="UTF-8"?>
<!-- Generated by org.testng.reporters.JUnitReportReporter -->
<testsuite hostname="niklas-VirtualBox" name="com.example.maven.calculator_niklass.CalculatorBasicOperationsTest" tests="12" failures="0" timestamp="11 Dec 2017 09:08:36 GMT" time="0.403" errors="0">
  <testcase name="testmultiplicationZeros" time="0.048" classname="com.example.maven.calculator_niklass.CalculatorBasicOperationsTest"/>
  <testcase name="testsubtractionPositiveNumbers" time="0.014" classname="com.example.maven.calculator_niklass.CalculatorBasicOperationsTest"/>
  <testcase name="testdivisionZeros" time="0.072" classname="com.example.maven.calculator_niklass.CalculatorBasicOperationsTest"/>
  <testcase name="testsubtractionZeros" time="0.028" classname="com.example.maven.calculator_niklass.CalculatorBasicOperationsTest"/>
  <testcase name="testsubtractionNegativeNumbers" time="0.027" classname="com.example.maven.calculator_niklass.CalculatorBasicOperationsTest"/>
  <testcase name="testadditionZeros" time="0.051" classname="com.example.maven.calculator_niklass.CalculatorBasicOperationsTest"/>
  <testcase name="testmultiplicationNegativeNumbers" time="0.025" classname="com.example.maven.calculator_niklass.CalculatorBasicOperationsTest"/>
  <testcase name="testdivisionPositiveNumbers" time="0.040" classname="com.example.maven.calculator_niklass.CalculatorBasicOperationsTest"/>
  <testcase name="testadditionPositiveNumbers" time="0.028" classname="com.example.maven.calculator_niklass.CalculatorBasicOperationsTest"/>
  <testcase name="testmultiplicationPositiveNumbers" time="0.027" classname="com.example.maven.calculator_niklass.CalculatorBasicOperationsTest"/>
  <testcase name="testadditionNegativeNumbers" time="0.016" classname="com.example.maven.calculator_niklass.CalculatorBasicOperationsTest"/>
  <testcase name="testdivisionNegativeNumbers" time="0.027" classname="com.example.maven.calculator_niklass.CalculatorBasicOperationsTest"/>
</testsuite> <!-- com.example.maven.calculator_niklass.CalculatorBasicOperationsTest -->
